<?xml version="1.0" encoding="UTF-8"?>
<!-- Generated by org.testng.reporters.JUnitXMLReporter -->
<testsuite ignored="0" hostname="197NODMB300033.local" failures="0" tests="3" name=" ChromeTest" time="124.017" errors="0" timestamp="2021-01-16T16:25:00 IST">
  <testcase classname="runners.customrunnerhelper.CustomAbstractTestNGCucumberFilterFeatureScenarioTagsTests" name="runScenario" time="54.466"/>
  <testcase classname="runners.customrunnerhelper.CustomAbstractTestNGCucumberFilterFeatureScenarioTagsTests" name="runScenario" time="56.247"/>
  <testcase classname="runners.customrunnerhelper.CustomAbstractTestNGCucumberFilterFeatureScenarioTagsTests" name="runScenario" time="67.049"/>
</testsuite> <!--  ChromeTest -->
