<?xml version="1.0" encoding="UTF-8"?>
<testsuite xmlns:xsi="http://www.w3.org/2001/XMLSchema-instance" xsi:noNamespaceSchemaLocation="https://maven.apache.org/surefire/maven-surefire-plugin/xsd/surefire-test-report-3.0.xsd" version="3.0" name="TestSuite" time="124.96" tests="3" errors="0" skipped="0" failures="0">
  <properties>
[...]
</properties>
  <testcase name="runScenario[&quot;TC01_Customer_Places_Order_From_Search&quot;, &quot;Optional[Purchase Dress]&quot;](1)" classname="runners.CustomTestRunner" time="55.766">
    <system-out><![CDATA[
@Sanity
Scenario: TC02_Customer_Places_Order_From_Search &amp#27;[90m# src/test/resources/features/purchasedress.feature:15&amp#27;[0m

@Sanity
Scenario: TC01_Customer_Places_Order_From_Search &amp#27;[90m# src/test/resources/features/purchasedress.feature:5&amp#27;[0m
  &amp#27;[32mGiven &amp#27;[0m&amp#27;[32muser is on home page&amp#27;[0m                     &amp#27;[90m# stepDefinition.HomePageStepDef.user_is_on_home_page()&amp#27;[0m
  &amp#27;[32mGiven &amp#27;[0m&amp#27;[32muser is on home page&amp#27;[0m                     &amp#27;[90m# stepDefinition.HomePageStepDef.user_is_on_home_page()&amp#27;[0m
  &amp#27;[32mWhen &amp#27;[0m&amp#27;[32muser searches for &amp#27;[0m&amp#27;[32m&amp#27;[1m"dress"&amp#27;[0m                 &amp#27;[90m# stepDefinition.HomePageStepDef.user_searches_for(java.lang.String)&amp#27;[0m
  &amp#27;[32mWhen &amp#27;[0m&amp#27;[32muser searches for &amp#27;[0m&amp#27;[32m&amp#27;[1m"dress"&amp#27;[0m                 &amp#27;[90m# stepDefinition.HomePageStepDef.user_searches_for(java.lang.String)&amp#27;[0m
JQuery call is in Progress
JQuery call is in Progress
JQuery call is in Progress
JQuery call is in Progress
  &amp#27;[32mAnd &amp#27;[0m&amp#27;[32mchoose to buy the first item&amp#27;[0m               &amp#27;[90m# stepDefinition.ProductListingStepDef.choose_to_buy_the_first_item()&amp#27;[0m
  &amp#27;[32mAnd &amp#27;[0m&amp#27;[32mchoose to buy the first item&amp#27;[0m               &amp#27;[90m# stepDefinition.ProductListingStepDef.choose_to_buy_the_first_item()&amp#27;[0m
  &amp#27;[32mAnd &amp#27;[0m&amp#27;[32mAnd moves to checkout from mini cart&amp#27;[0m       &amp#27;[90m# stepDefinition.CartStepDef.and_moves_to_checkout_from_mini_cart()&amp#27;[0m
  &amp#27;[32mAnd &amp#27;[0m&amp#27;[32menter personal details on checkout page&amp#27;[0m    &amp#27;[90m# stepDefinition.CheckoutStepDef.enter_personal_details_on_checkout_page()&amp#27;[0m
  &amp#27;[32mAnd &amp#27;[0m&amp#27;[32mselect same delivery address&amp#27;[0m               &amp#27;[90m# stepDefinition.CheckoutStepDef.select_same_delivery_address()&amp#27;[0m
  &amp#27;[32mAnd &amp#27;[0m&amp#27;[32mselect payment method as &amp#27;[0m&amp#27;[32m&amp#27;[1m"check"&amp#27;[0m&amp#27;[32m payment&amp#27;[0m   &amp#27;[90m# stepDefinition.CheckoutStepDef.select_payment_method_as_check_payment(java.lang.String)&amp#27;[0m
  &amp#27;[32mAnd &amp#27;[0m&amp#27;[32mplace the order&amp#27;[0m                            &amp#27;[90m# stepDefinition.ConfirmationStepDef.place_the_order()&amp#27;[0m
]]></system-out>
    <system-err><![CDATA[Jan 16, 2021 4:23:05 PM org.openqa.selenium.remote.ProtocolHandshake createSession
INFO: Detected dialect: W3C
Jan 16, 2021 4:23:05 PM org.openqa.selenium.remote.ProtocolHandshake createSession
INFO: Detected dialect: W3C
]]></system-err>
  </testcase>
  <testcase name="runScenario[&quot;TC02_Customer_Places_Order_From_Search&quot;, &quot;Optional[Purchase Dress]&quot;](2)" classname="runners.CustomTestRunner" time="3.69">
    <system-out><![CDATA[
@Sanity
Scenario: TC01_Customer_Places_Order_From_Search &amp#27;[90m# src/test/resources/features/purchasedress2.feature:6&amp#27;[0m
  &amp#27;[32mAnd &amp#27;[0m&amp#27;[32mAnd moves to checkout from mini cart&amp#27;[0m       &amp#27;[90m# stepDefinition.CartStepDef.and_moves_to_checkout_from_mini_cart()&amp#27;[0m
  &amp#27;[32mAnd &amp#27;[0m&amp#27;[32menter personal details on checkout page&amp#27;[0m    &amp#27;[90m# stepDefinition.CheckoutStepDef.enter_personal_details_on_checkout_page()&amp#27;[0m
  &amp#27;[32mAnd &amp#27;[0m&amp#27;[32mselect same delivery address&amp#27;[0m               &amp#27;[90m# stepDefinition.CheckoutStepDef.select_same_delivery_address()&amp#27;[0m
  &amp#27;[32mAnd &amp#27;[0m&amp#27;[32mselect payment method as &amp#27;[0m&amp#27;[32m&amp#27;[1m"check"&amp#27;[0m&amp#27;[32m payment&amp#27;[0m   &amp#27;[90m# stepDefinition.CheckoutStepDef.select_payment_method_as_check_payment(java.lang.String)&amp#27;[0m
  &amp#27;[32mAnd &amp#27;[0m&amp#27;[32mplace the order&amp#27;[0m                            &amp#27;[90m# stepDefinition.ConfirmationStepDef.place_the_order()&amp#27;[0m
]]></system-out>
  </testcase>
  <testcase name="runScenario[&quot;TC01_Customer_Places_Order_From_Search&quot;, &quot;Optional[Purchase Dress2]&quot;](3)" classname="runners.CustomTestRunner" time="65.932">
    <system-out><![CDATA[  &amp#27;[32mGiven &amp#27;[0m&amp#27;[32muser is on home page&amp#27;[0m                     &amp#27;[90m# stepDefinition.HomePageStepDef.user_is_on_home_page()&amp#27;[0m
  &amp#27;[32mWhen &amp#27;[0m&amp#27;[32muser searches for &amp#27;[0m&amp#27;[32m&amp#27;[1m"dress"&amp#27;[0m                 &amp#27;[90m# stepDefinition.HomePageStepDef.user_searches_for(java.lang.String)&amp#27;[0m
JQuery call is in Progress
JQuery call is in Progress
  &amp#27;[32mAnd &amp#27;[0m&amp#27;[32mchoose to buy the first item&amp#27;[0m               &amp#27;[90m# stepDefinition.ProductListingStepDef.choose_to_buy_the_first_item()&amp#27;[0m
  &amp#27;[32mAnd &amp#27;[0m&amp#27;[32mAnd moves to checkout from mini cart&amp#27;[0m       &amp#27;[90m# stepDefinition.CartStepDef.and_moves_to_checkout_from_mini_cart()&amp#27;[0m
  &amp#27;[32mAnd &amp#27;[0m&amp#27;[32menter personal details on checkout page&amp#27;[0m    &amp#27;[90m# stepDefinition.CheckoutStepDef.enter_personal_details_on_checkout_page()&amp#27;[0m
  &amp#27;[32mAnd &amp#27;[0m&amp#27;[32mselect same delivery address&amp#27;[0m               &amp#27;[90m# stepDefinition.CheckoutStepDef.select_same_delivery_address()&amp#27;[0m
  &amp#27;[32mAnd &amp#27;[0m&amp#27;[32mselect payment method as &amp#27;[0m&amp#27;[32m&amp#27;[1m"check"&amp#27;[0m&amp#27;[32m payment&amp#27;[0m   &amp#27;[90m# stepDefinition.CheckoutStepDef.select_payment_method_as_check_payment(java.lang.String)&amp#27;[0m
  &amp#27;[32mAnd &amp#27;[0m&amp#27;[32mplace the order&amp#27;[0m                            &amp#27;[90m# stepDefinition.ConfirmationStepDef.place_the_order()&amp#27;[0m
]]></system-out>
    <system-err><![CDATA[Jan 16, 2021 4:24:18 PM org.openqa.selenium.remote.ProtocolHandshake createSession
INFO: Detected dialect: W3C
]]></system-err>
  </testcase>
</testsuite>