<?xml version="1.0" encoding="UTF-8"?>
<testng-results ignored="0" total="3" passed="3" failed="0" skipped="0">
  <reporter-output>
  </reporter-output>
  <suite started-at="2021-01-16T16:22:56 IST" name="Test-class Suite" finished-at="2021-01-16T16:25:00 IST" duration-ms="124017">
    <groups>
      <group name="cucumber">
        <method signature="CustomAbstractTestNGCucumberFilterFeatureScenarioTagsTests.runScenario(io.cucumber.testng.PickleWrapper, io.cucumber.testng.FeatureWrapper)[pri:0, instance:runners.CustomTestRunner@55a561cf]" name="runScenario" class="runners.customrunnerhelper.CustomAbstractTestNGCucumberFilterFeatureScenarioTagsTests"/>
      </group> <!-- cucumber -->
    </groups>
    <test started-at="2021-01-16T16:22:56 IST" name=" ChromeTest" finished-at="2021-01-16T16:25:00 IST" duration-ms="124017">
      <class name="runners.CustomTestRunner">
        <test-method is-config="true" signature="setUpClass()[pri:0, instance:runners.CustomTestRunner@55a561cf]" started-at="2021-01-16T16:22:56 IST" name="setUpClass" finished-at="2021-01-16T16:22:57 IST" duration-ms="1427" status="PASS">
          <reporter-output>
          </reporter-output>
        </test-method> <!-- setUpClass -->
        <test-method signature="runScenario(io.cucumber.testng.PickleWrapper, io.cucumber.testng.FeatureWrapper)[pri:0, instance:runners.CustomTestRunner@55a561cf]" started-at="2021-01-16T16:22:57 IST" name="runScenario" description="Runs Cucumber Scenarios" data-provider="scenarios" finished-at="2021-01-16T16:23:54 IST" duration-ms="56247" status="PASS">
          <params>
            <param index="0">
              <value>
                <![CDATA["TC02_Customer_Places_Order_From_Search"]]>
              </value>
            </param>
            <param index="1">
              <value>
                <![CDATA["Optional[Purchase Dress]"]]>
              </value>
            </param>
          </params>
          <reporter-output>
          </reporter-output>
        </test-method> <!-- runScenario -->
        <test-method signature="runScenario(io.cucumber.testng.PickleWrapper, io.cucumber.testng.FeatureWrapper)[pri:0, instance:runners.CustomTestRunner@55a561cf]" started-at="2021-01-16T16:22:57 IST" name="runScenario" description="Runs Cucumber Scenarios" data-provider="scenarios" finished-at="2021-01-16T16:23:52 IST" duration-ms="54466" status="PASS">
          <params>
            <param index="0">
              <value>
                <![CDATA["TC01_Customer_Places_Order_From_Search"]]>
              </value>
            </param>
            <param index="1">
              <value>
                <![CDATA["Optional[Purchase Dress]"]]>
              </value>
            </param>
          </params>
          <reporter-output>
          </reporter-output>
        </test-method> <!-- runScenario -->
        <test-method signature="runScenario(io.cucumber.testng.PickleWrapper, io.cucumber.testng.FeatureWrapper)[pri:0, instance:runners.CustomTestRunner@55a561cf]" started-at="2021-01-16T16:23:52 IST" name="runScenario" description="Runs Cucumber Scenarios" data-provider="scenarios" finished-at="2021-01-16T16:24:59 IST" duration-ms="67049" status="PASS">
          <params>
            <param index="0">
              <value>
                <![CDATA["TC01_Customer_Places_Order_From_Search"]]>
              </value>
            </param>
            <param index="1">
              <value>
                <![CDATA["Optional[Purchase Dress2]"]]>
              </value>
            </param>
          </params>
          <reporter-output>
          </reporter-output>
        </test-method> <!-- runScenario -->
        <test-method is-config="true" signature="tearDownClass()[pri:0, instance:runners.CustomTestRunner@55a561cf]" started-at="2021-01-16T16:24:59 IST" name="tearDownClass" finished-at="2021-01-16T16:25:00 IST" duration-ms="1011" status="PASS">
          <reporter-output>
          </reporter-output>
        </test-method> <!-- tearDownClass -->
      </class> <!-- runners.CustomTestRunner -->
    </test> <!--  ChromeTest -->
  </suite> <!-- Test-class Suite -->
</testng-results>
